
> social-post-maker@2.0.0 dev
> next dev

   â–² Next.js 15.0.3
   - Local:        http://localhost:3000

 âœ“ Starting...
 âœ“ Ready in 2.5s
 â—‹ Compiling / ...
 âœ“ Compiled / in 6.3s (633 modules)
 âœ“ Compiled in 535ms (307 modules)
 GET / 200 in 6822ms
 â—‹ Compiling /_not-found ...
 âœ“ Compiled /_not-found in 4.9s (604 modules)
 GET /placeholder-logo.png 404 in 5035ms
 â—‹ Compiling /api/v1/images ...
 âœ“ Compiled /api/v1/images in 3.1s (499 modules)
 GET /api/v1/images 200 in 3360ms
Received template data: {
  "name": "ranking-table",
  "params": {
    "title": {
      "text": "ê°„ë‹¨í•œ í…ŒìŠ¤íŠ¸",
      "fontFamily": "inter",
      "fontWeight": 700,
      "fontSize": 32,
      "color": "#000000",
      "alignment": "center",
      "bgColor": "#FFFFFF"
    },
    "data": [
      {
        "rank": 1,
        "name": "í…ŒìŠ¤íŠ¸1",
        "category": "ì¹´í…Œê³ ë¦¬1",
        "description": "ì„¤ëª…1"
      },
      {
        "rank": 2,
        "name": "í…ŒìŠ¤íŠ¸2",
        "category": "ì¹´í…Œê³ ë¦¬2",
        "description": "ì„¤ëª…2"
      }
    ],
    "background": {
      "type": "color",
      "value": "#FFFFFF",
      "opacity": 1
    },
    "headerStyle": {
      "backgroundColor": "#1F2937",
      "textColor": "#FFFFFF",
      "fontSize": 16,
      "fontWeight": 600
    },
    "rowStyle": {
      "alternateRowColor": true,
      "primaryRowColor": "#FFFFFF",
      "alternateRowColorValue": "#F8F9FA",
      "textColor": "#1F2937",
      "borderColor": "#E5E7EB",
      "fontSize": 14
    }
  },
  "canvas": {
    "width": 1080,
    "height": 1080
  }
}
Template validation error: {
  "issues": [
    {
      "code": "invalid_type",
      "expected": "object",
      "received": "undefined",
      "path": [
        "params",
        "tableLayout"
      ],
      "message": "Required"
    }
  ],
  "name": "ZodError"
}
Error message: [
  {
    "code": "invalid_type",
    "expected": "object",
    "received": "undefined",
    "path": [
      "params",
      "tableLayout"
    ],
    "message": "Required"
  }
]
Template validation failed for: {
  name: 'ranking-table',
  params: {
  title: {
  text: 'ê°„ë‹¨í•œ í…ŒìŠ¤íŠ¸',
  fontFamily: 'inter',
  fontWeight: 700,
  fontSize: 32,
  color: '#000000',
  alignment: 'center',
  bgColor: '#FFFFFF'
},
  data: [
  { rank: 1, name: 'í…ŒìŠ¤íŠ¸1', category: 'ì¹´í…Œê³ ë¦¬1', description: 'ì„¤ëª…1' },
  { rank: 2, name: 'í…ŒìŠ¤íŠ¸2', category: 'ì¹´í…Œê³ ë¦¬2', description: 'ì„¤ëª…2' }
],
  background: { type: 'color', value: '#FFFFFF', opacity: 1 },
  headerStyle: {
  backgroundColor: '#1F2937',
  textColor: '#FFFFFF',
  fontSize: 16,
  fontWeight: 600
},
  rowStyle: {
  alternateRowColor: true,
  primaryRowColor: '#FFFFFF',
  alternateRowColorValue: '#F8F9FA',
  textColor: '#1F2937',
  borderColor: '#E5E7EB',
  fontSize: 14
}
},
  canvas: { width: 1080, height: 1080 }
}
 POST /api/v1/images 400 in 25ms
Received template data: {
  "name": "ranking-table",
  "params": {
    "title": {
      "text": "ê°„ë‹¨í•œ í…ŒìŠ¤íŠ¸",
      "fontFamily": "inter",
      "fontWeight": 700,
      "fontSize": 32,
      "color": "#000000",
      "alignment": "center",
      "bgColor": "#FFFFFF"
    },
    "data": [
      {
        "rank": 1,
        "name": "í…ŒìŠ¤íŠ¸1",
        "category": "ì¹´í…Œê³ ë¦¬1",
        "description": "ì„¤ëª…1"
      },
      {
        "rank": 2,
        "name": "í…ŒìŠ¤íŠ¸2",
        "category": "ì¹´í…Œê³ ë¦¬2",
        "description": "ì„¤ëª…2"
      }
    ],
    "background": {
      "type": "color",
      "value": "#FFFFFF",
      "opacity": 1
    },
    "headerStyle": {
      "backgroundColor": "#1F2937",
      "textColor": "#FFFFFF",
      "fontSize": 16,
      "fontWeight": 600
    },
    "rowStyle": {
      "alternateRowColor": true,
      "primaryRowColor": "#FFFFFF",
      "alternateRowColorValue": "#F8F9FA",
      "textColor": "#1F2937",
      "borderColor": "#E5E7EB",
      "fontSize": 14
    },
    "showRankNumbers": true,
    "showLogos": false,
    "tableLayout": {
      "rankWidth": 60,
      "nameWidth": 180,
      "logoWidth": 80,
      "categoryWidth": 120,
      "descriptionWidth": 300,
      "padding": 12
    }
  },
  "canvas": {
    "width": 1080,
    "height": 1080
  }
}
Template validation passed: ranking-table
 POST /api/v1/images 200 in 1031ms
 GET / 200 in 167ms
 â—‹ Compiling /_not-found ...
 âœ“ Compiled /_not-found in 809ms (605 modules)
 GET /placeholder-logo.png 404 in 1013ms
 GET /placeholder-logo.png 404 in 41ms
Received template data: {
  "name": "ranking-table",
  "params": {
    "title": {
      "text": "í•œë•Œ ì˜ ë‚˜ê°”ì§€ë§Œ ì‹œë¼ì§„ ë¸Œëœë“œ",
      "fontFamily": "inter",
      "fontWeight": 700,
      "fontSize": 32,
      "color": "#000000",
      "alignment": "center",
      "bgColor": "#FFFFFF"
    },
    "subtitle": {
      "text": "ì¶œì²˜: ê° ë¸Œëœë“œì˜ ê³µì‹ ë°œí‘œ, ì–¸ë¡  ë³´ë„(ë§¤ì¼ê²½ì œÂ·í•œê²¨ë ˆÂ·ì´ë°ì¼ë¦¬ ë“±)",
      "fontFamily": "inter",
      "fontWeight": 400,
      "fontSize": 14,
      "color": "#666666",
      "alignment": "center"
    },
    "data": [
      {
        "rank": 1,
        "name": "í¬ë¼ìš´ë² ì´ì»¤ë¦¬",
        "category": "ë² ì´ì»¤ë¦¬",
        "description": "ì „ ë§¤ì¥ ì² ìˆ˜, ë¸Œëœë“œ ì¢…ë£Œ"
      },
      {
        "rank": 2,
        "name": "ì•„ì›ƒë°±",
        "category": "ë ˆìŠ¤í† ë‘",
        "description": "ì ë²” ì´ìƒ íì , ë¸Œëœë“œ ì¶•ì†Œ"
      },
      {
        "rank": 3,
        "name": "ë¯¼ë“¤ë ˆì˜í† ",
        "category": "ì»¤í”¼",
        "description": "ëŒ€ë¶€ë¶„ íì , ì£¼ë ¥ ë¸Œëœë“œ"
      }
    ],
    "background": {
      "type": "color",
      "value": "#FFFFFF",
      "opacity": 1
    },
    "headerStyle": {
      "backgroundColor": "#1F2937",
      "textColor": "#FFFFFF",
      "fontSize": 16,
      "fontWeight": 600
    },
    "rowStyle": {
      "alternateRowColor": true,
      "primaryRowColor": "#FFFFFF",
      "alternateRowColorValue": "#F8F9FA",
      "textColor": "#1F2937",
      "borderColor": "#E5E7EB",
      "fontSize": 14
    },
    "showRankNumbers": true,
    "showLogos": false,
    "tableLayout": {
      "rankWidth": 60,
      "nameWidth": 180,
      "logoWidth": 80,
      "categoryWidth": 120,
      "descriptionWidth": 300,
      "padding": 12
    }
  },
  "canvas": {
    "width": 1080,
    "height": 1080
  }
}
Template validation passed: ranking-table
 POST /api/v1/images 200 in 777ms
Received template data: {
  "name": "data-viz",
  "params": {
    "title": {
      "text": "ë‚˜ì˜ ìŠ¤í¬ë¦°íƒ€ì„ ë¶„ì„",
      "fontFamily": "inter",
      "fontWeight": 600,
      "fontSize": 36,
      "color": "#1F2937",
      "alignment": "flex-start",
      "bgColor": "#FFFFFF"
    },
    "subtitle": {
      "text": "ì§€ë‚œ í•œ ë‹¬ê°„ ì¼í‰ê·  ì‚¬ìš© ì‹œê°„ (ë‹¨ìœ„: ì‹œê°„)",
      "fontFamily": "inter",
      "fontWeight": 400,
      "fontSize": 18,
      "color": "#6B7280",
      "alignment": "flex-start"
    },
    "chartType": "bar",
    "data": [
      {
        "label": "ì†Œì…œë¯¸ë””ì–´",
        "value": 3.2,
        "color": "#EF4444"
      },
      {
        "label": "ì—…ë¬´ì•±",
        "value": 5.8,
        "color": "#3B82F6"
      },
      {
        "label": "ì—”í„°í…Œì¸ë¨¼íŠ¸",
        "value": 2.1,
        "color": "#10B981"
      },
      {
        "label": "ë…ì„œ",
        "value": 1.5,
        "color": "#F59E0B"
      },
      {
        "label": "ê¸°íƒ€",
        "value": 0.8,
        "color": "#8B5CF6"
      }
    ],
    "background": {
      "type": "color",
      "value": "#FEFEFE",
      "opacity": 1
    },
    "chartStyle": {
      "primaryColor": "#3B82F6",
      "secondaryColor": "#EF4444",
      "accentColor": "#10B981",
      "gridColor": "#F3F4F6",
      "textColor": "#374151",
      "showGrid": true,
      "showValues": true,
      "showLegend": false,
      "animation": false
    },
    "layout": {
      "chartWidth": 600,
      "chartHeight": 400,
      "marginTop": 40,
      "marginBottom": 60,
      "marginLeft": 80,
      "marginRight": 40
    },
    "dataLabels": {
      "show": true,
      "position": "outside",
      "fontSize": 14,
      "color": "#374151"
    },
    "insights": {
      "show": true,
      "highlight": {
        "dataIndex": 1,
        "text": "ì—…ë¬´ ì•± ì‚¬ìš©ì‹œê°„ì´ ê°€ì¥ ë§ì•„ìš”!",
        "color": "#F59E0B"
      },
      "footer": {
        "text": "iOS ìŠ¤í¬ë¦°íƒ€ì„ ì„¤ì •ì—ì„œ ìˆ˜ì§‘í•œ ë°ì´í„°",
        "source": "@data_daily_kr"
      }
    }
  },
  "canvas": {
    "width": 1080,
    "height": 1080
  }
}
Template validation passed: data-viz
 POST /api/v1/images 200 in 99ms
[Error: aborted] { code: 'ECONNRESET' }
 â¨¯ uncaughtException: [Error: aborted] { code: 'ECONNRESET' }
 â¨¯ uncaughtException: [Error: aborted] { code: 'ECONNRESET' }
Received template data: {
  "name": "data-viz",
  "params": {
    "title": {
      "text": "Global Internet Users by Region",
      "fontFamily": "inter",
      "fontWeight": 700,
      "fontSize": 42,
      "color": "#000000",
      "alignment": "center",
      "bgColor": "#FFFFFF"
    },
    "subtitle": {
      "text": "Number of internet users (in billions) as of 2024",
      "fontFamily": "inter",
      "fontWeight": 400,
      "fontSize": 20,
      "color": "#4B5563",
      "alignment": "center"
    },
    "chartType": "pie",
    "data": [
      {
        "label": "Asia",
        "value": 2.8,
        "color": "#3B82F6"
      },
      {
        "label": "Europe",
        "value": 0.7,
        "color": "#EF4444"
      },
      {
        "label": "North America",
        "value": 0.4,
        "color": "#10B981"
      },
      {
        "label": "South America",
        "value": 0.3,
        "color": "#F59E0B"
      },
      {
        "label": "Africa",
        "value": 0.6,
        "color": "#8B5CF6"
      },
      {
        "label": "Oceania",
        "value": 0.03,
        "color": "#EC4899"
      }
    ],
    "background": {
      "type": "color",
      "value": "#FFFFFF",
      "opacity": 1
    },
    "chartStyle": {
      "primaryColor": "#3B82F6",
      "secondaryColor": "#EF4444",
      "accentColor": "#10B981",
      "gridColor": "#E5E7EB",
      "textColor": "#111827",
      "showGrid": false,
      "showValues": true,
      "showLegend": true,
      "animation": false
    },
    "layout": {
      "chartWidth": 500,
      "chartHeight": 500,
      "marginTop": 40,
      "marginBottom": 40,
      "marginLeft": 40,
      "marginRight": 40
    },
    "dataLabels": {
      "show": true,
      "position": "outside",
      "fontSize": 16,
      "color": "#111827"
    },
    "insights": {
      "show": true,
      "highlight": {
        "dataIndex": 0,
        "text": "Asia represents over 60% of global internet users",
        "color": "#3B82F6"
      },
      "footer": {
        "text": "Source: International Telecommunication Union (ITU)",
        "source": "@infobeautiful"
      }
    }
  },
  "canvas": {
    "width": 1080,
    "height": 1080
  }
}
Template validation passed: data-viz
 POST /api/v1/images 200 in 74ms
[Error: aborted] { code: 'ECONNRESET' }
 â¨¯ uncaughtException: [Error: aborted] { code: 'ECONNRESET' }
 â¨¯ uncaughtException: [Error: aborted] { code: 'ECONNRESET' }
 â¨¯ ../../src/server/pipe-readable.ts (144:11) @ pipeToNodeResponse
 â¨¯ Error: failed to pipe response
    at pipeToNodeResponse (node_modules/next/src/server/pipe-readable.ts:144:10)
    at async DevServer.runEdgeFunction (node_modules/next/src/server/next-server.ts:1830:6)
    at async NextNodeServer.handleCatchallRenderRequest (node_modules/next/src/server/next-server.ts:997:26)
    at async DevServer.handleRequestImpl (node_modules/next/src/server/base-server.ts:1462:8)
    at async (node_modules/next/src/server/dev/next-dev-server.ts:514:13)
    at async Span.traceAsyncFn (node_modules/next/src/trace/trace.ts:143:13)
    at async DevServer.handleRequest (node_modules/next/src/server/dev/next-dev-server.ts:512:19)
    at async invokeRender (node_modules/next/src/server/lib/router-server.ts:284:10)
    at async handleRequest (node_modules/next/src/server/lib/router-server.ts:530:15)
    at async requestHandlerImpl (node_modules/next/src/server/lib/router-server.ts:576:6)
    at async Server.requestListener (node_modules/next/src/server/lib/start-server.ts:146:6) {
  [cause]: Error: <text> nodes are not currently supported, please convert them to <path>
      at kn (webpack-internal:///(rsc)/./node_modules/next/dist/compiled/@vercel/og/index.edge.js:15021:11)
      at eval (webpack-internal:///(rsc)/./node_modules/next/dist/compiled/@vercel/og/index.edge.js:15016:25)
      at Array.map (<anonymous>)
      at kn (webpack-internal:///(rsc)/./node_modules/next/dist/compiled/@vercel/og/index.edge.js:15016:14)
      at kn (webpack-internal:///(rsc)/./node_modules/next/dist/compiled/@vercel/og/index.edge.js:15023:27)
      at eval (webpack-internal:///(rsc)/./node_modules/next/dist/compiled/@vercel/og/index.edge.js:15016:25)
      at Array.map (<anonymous>)
      at kn (webpack-internal:///(rsc)/./node_modules/next/dist/compiled/@vercel/og/index.edge.js:15016:14)
      at eval (webpack-internal:///(rsc)/./node_modules/next/dist/compiled/@vercel/og/index.edge.js:15016:25)
      at Array.map (<anonymous>)
}
  142 |     if (isAbortError(err)) return
  143 |
> 144 |     throw new Error('failed to pipe response', { cause: err })
      |           ^
  145 |   }
  146 | }
  147 |
 â¨¯ ../../src/server/pipe-readable.ts (144:11) @ pipeToNodeResponse
 â¨¯ Internal error: Error: failed to pipe response
    at pipeToNodeResponse (/workspaces/social-post-maker/node_modules/next/dist/server/pipe-readable.js:126:15)
    at process.processTicksAndRejections (node:internal/process/task_queues:105:5)
    at async DevServer.runEdgeFunction (/workspaces/social-post-maker/node_modules/next/dist/server/next-server.js:1186:13)
    at async NextNodeServer.handleCatchallRenderRequest (/workspaces/social-post-maker/node_modules/next/dist/server/next-server.js:248:41)
    at async DevServer.handleRequestImpl (/workspaces/social-post-maker/node_modules/next/dist/server/base-server.js:853:17)
    at async /workspaces/social-post-maker/node_modules/next/dist/server/dev/next-dev-server.js:373:20
    at async Span.traceAsyncFn (/workspaces/social-post-maker/node_modules/next/dist/trace/trace.js:153:20)
    at async DevServer.handleRequest (/workspaces/social-post-maker/node_modules/next/dist/server/dev/next-dev-server.js:370:24)
    at async invokeRender (/workspaces/social-post-maker/node_modules/next/dist/server/lib/router-server.js:183:21)
    at async handleRequest (/workspaces/social-post-maker/node_modules/next/dist/server/lib/router-server.js:360:24)
    at async requestHandlerImpl (/workspaces/social-post-maker/node_modules/next/dist/server/lib/router-server.js:384:13)
    at async Server.requestListener (/workspaces/social-post-maker/node_modules/next/dist/server/lib/start-server.js:142:13)
Cause: Error: <text> nodes are not currently supported, please convert them to <path>
    at kn (webpack-internal:///(rsc)/./node_modules/next/dist/compiled/@vercel/og/index.edge.js:15021:11)
    at eval (webpack-internal:///(rsc)/./node_modules/next/dist/compiled/@vercel/og/index.edge.js:15016:25)
    at Array.map (<anonymous>)
    at kn (webpack-internal:///(rsc)/./node_modules/next/dist/compiled/@vercel/og/index.edge.js:15016:14)
    at kn (webpack-internal:///(rsc)/./node_modules/next/dist/compiled/@vercel/og/index.edge.js:15023:27)
    at eval (webpack-internal:///(rsc)/./node_modules/next/dist/compiled/@vercel/og/index.edge.js:15016:25)
    at Array.map (<anonymous>)
    at kn (webpack-internal:///(rsc)/./node_modules/next/dist/compiled/@vercel/og/index.edge.js:15016:14)
    at eval (webpack-internal:///(rsc)/./node_modules/next/dist/compiled/@vercel/og/index.edge.js:15016:25)
    at Array.map (<anonymous>)
  142 |     if (isAbortError(err)) return
  143 |
> 144 |     throw new Error('failed to pipe response', { cause: err })
      |           ^
  145 |   }
  146 | }
  147 |
 â¨¯ ../../src/server/pipe-readable.ts (144:11) @ pipeToNodeResponse
 â¨¯ Internal error: Error: failed to pipe response
    at pipeToNodeResponse (/workspaces/social-post-maker/node_modules/next/dist/server/pipe-readable.js:126:15)
    at process.processTicksAndRejections (node:internal/process/task_queues:105:5)
    at async DevServer.runEdgeFunction (/workspaces/social-post-maker/node_modules/next/dist/server/next-server.js:1186:13)
    at async NextNodeServer.handleCatchallRenderRequest (/workspaces/social-post-maker/node_modules/next/dist/server/next-server.js:248:41)
    at async DevServer.handleRequestImpl (/workspaces/social-post-maker/node_modules/next/dist/server/base-server.js:853:17)
    at async /workspaces/social-post-maker/node_modules/next/dist/server/dev/next-dev-server.js:373:20
    at async Span.traceAsyncFn (/workspaces/social-post-maker/node_modules/next/dist/trace/trace.js:153:20)
    at async DevServer.handleRequest (/workspaces/social-post-maker/node_modules/next/dist/server/dev/next-dev-server.js:370:24)
    at async invokeRender (/workspaces/social-post-maker/node_modules/next/dist/server/lib/router-server.js:183:21)
    at async handleRequest (/workspaces/social-post-maker/node_modules/next/dist/server/lib/router-server.js:360:24)
    at async requestHandlerImpl (/workspaces/social-post-maker/node_modules/next/dist/server/lib/router-server.js:384:13)
    at async Server.requestListener (/workspaces/social-post-maker/node_modules/next/dist/server/lib/start-server.js:142:13)
Cause: Error: <text> nodes are not currently supported, please convert them to <path>
    at kn (webpack-internal:///(rsc)/./node_modules/next/dist/compiled/@vercel/og/index.edge.js:15021:11)
    at eval (webpack-internal:///(rsc)/./node_modules/next/dist/compiled/@vercel/og/index.edge.js:15016:25)
    at Array.map (<anonymous>)
    at kn (webpack-internal:///(rsc)/./node_modules/next/dist/compiled/@vercel/og/index.edge.js:15016:14)
    at kn (webpack-internal:///(rsc)/./node_modules/next/dist/compiled/@vercel/og/index.edge.js:15023:27)
    at eval (webpack-internal:///(rsc)/./node_modules/next/dist/compiled/@vercel/og/index.edge.js:15016:25)
    at Array.map (<anonymous>)
    at kn (webpack-internal:///(rsc)/./node_modules/next/dist/compiled/@vercel/og/index.edge.js:15016:14)
    at kn (webpack-internal:///(rsc)/./node_modules/next/dist/compiled/@vercel/og/index.edge.js:15023:27)
    at eval (webpack-internal:///(rsc)/./node_modules/next/dist/compiled/@vercel/og/index.edge.js:15016:25)
  142 |     if (isAbortError(err)) return
  143 |
> 144 |     throw new Error('failed to pipe response', { cause: err })
      |           ^
  145 |   }
  146 | }
  147 |
 â¨¯ ../../src/server/pipe-readable.ts (144:11) @ pipeToNodeResponse
 â¨¯ Error: failed to pipe response
    at pipeToNodeResponse (node_modules/next/src/server/pipe-readable.ts:144:10)
    at async DevServer.runEdgeFunction (node_modules/next/src/server/next-server.ts:1830:6)
    at async NextNodeServer.handleCatchallRenderRequest (node_modules/next/src/server/next-server.ts:997:26)
    at async DevServer.handleRequestImpl (node_modules/next/src/server/base-server.ts:1462:8)
    at async (node_modules/next/src/server/dev/next-dev-server.ts:514:13)
    at async Span.traceAsyncFn (node_modules/next/src/trace/trace.ts:143:13)
    at async DevServer.handleRequest (node_modules/next/src/server/dev/next-dev-server.ts:512:19)
    at async invokeRender (node_modules/next/src/server/lib/router-server.ts:284:10)
    at async handleRequest (node_modules/next/src/server/lib/router-server.ts:530:15)
    at async requestHandlerImpl (node_modules/next/src/server/lib/router-server.ts:576:6)
    at async Server.requestListener (node_modules/next/src/server/lib/start-server.ts:146:6) {
  [cause]: Error: <text> nodes are not currently supported, please convert them to <path>
      at kn (webpack-internal:///(rsc)/./node_modules/next/dist/compiled/@vercel/og/index.edge.js:15021:11)
      at eval (webpack-internal:///(rsc)/./node_modules/next/dist/compiled/@vercel/og/index.edge.js:15016:25)
      at Array.map (<anonymous>)
      at kn (webpack-internal:///(rsc)/./node_modules/next/dist/compiled/@vercel/og/index.edge.js:15016:14)
      at kn (webpack-internal:///(rsc)/./node_modules/next/dist/compiled/@vercel/og/index.edge.js:15023:27)
      at eval (webpack-internal:///(rsc)/./node_modules/next/dist/compiled/@vercel/og/index.edge.js:15016:25)
      at Array.map (<anonymous>)
      at kn (webpack-internal:///(rsc)/./node_modules/next/dist/compiled/@vercel/og/index.edge.js:15016:14)
      at kn (webpack-internal:///(rsc)/./node_modules/next/dist/compiled/@vercel/og/index.edge.js:15023:27)
      at eval (webpack-internal:///(rsc)/./node_modules/next/dist/compiled/@vercel/og/index.edge.js:15016:25)
}
  142 |     if (isAbortError(err)) return
  143 |
> 144 |     throw new Error('failed to pipe response', { cause: err })
      |           ^
  145 |   }
  146 | }
  147 |
 â—‹ Compiling /_error ...
 âœ“ Compiled /_error in 3.8s (843 modules)
 GET / 200 in 1510ms
 GET / 200 in 17ms
 GET / 200 in 16ms
 GET / 200 in 22ms
 GET /placeholder-logo.png 404 in 52ms
 GET /placeholder-logo.png 404 in 17ms
 âœ“ Compiled in 2.8s (1062 modules)
 GET / 200 in 301ms
 GET /placeholder-logo.png 404 in 208ms
 GET / 200 in 232ms
 GET /placeholder-logo.png 404 in 24ms
Received template data: {
  "name": "ranking-table",
  "params": {
    "title": {
      "text": "í•œë•Œ ì˜ ë‚˜ê°”ì§€ë§Œ ì‹œë¼ì§„ ë¸Œëœë“œ",
      "fontFamily": "inter",
      "fontWeight": 700,
      "fontSize": 32,
      "color": "#000000",
      "alignment": "center",
      "bgColor": "#FFFFFF"
    },
    "subtitle": {
      "text": "ì¶œì²˜: ê° ë¸Œëœë“œì˜ ê³µì‹ ë°œí‘œ, ì–¸ë¡  ë³´ë„(ë§¤ì¼ê²½ì œÂ·í•œê²¨ë ˆÂ·ì´ë°ì¼ë¦¬ ë“±), ì—…ê³„ ì§€ë£Œë¥¼ ê¸°ë°˜ìœ¼ë¡œ ì¬êµ¬ì„±",
      "fontFamily": "inter",
      "fontWeight": 400,
      "fontSize": 14,
      "color": "#666666",
      "alignment": "center"
    },
    "data": [
      {
        "rank": 1,
        "name": "í¬ë¼ìš´ë² ì´ì»¤ë¦¬",
        "category": "ë² ì´ì»¤ë¦¬",
        "description": "ì „ ë§¤ì¥ ì² ìˆ˜, ë¸Œëœë“œ ì¢…ë£Œ",
        "logo": {
          "url": "/placeholder-logo.png",
          "alt": "í¬ë¼ìš´ë² ì´ì»¤ë¦¬",
          "width": 60,
          "height": 60,
          "borderRadius": 8,
          "objectFit": "cover"
        }
      },
      {
        "rank": 2,
        "name": "ì•„ì›ƒë°±",
        "category": "ë ˆìŠ¤í† ë‘",
        "description": "ì ë²” ì´ìƒ íì , ë¸Œëœë“œ ì¶•ì†Œ",
        "logo": {
          "url": "/placeholder-logo.png",
          "alt": "ì•„ì›ƒë°±",
          "width": 60,
          "height": 60,
          "borderRadius": 8,
          "objectFit": "cover"
        }
      },
      {
        "rank": 3,
        "name": "ë¯¼ë“¤ë ˆì˜í† ",
        "category": "ì»¤í”¼",
        "description": "ëŒ€ë¶€ë¶„ íì , ì£¼ë ¥ ë¸Œëœë“œ",
        "logo": {
          "url": "/placeholder-logo.png",
          "alt": "ë¯¼ë“¤ë ˆì˜í† ",
          "width": 60,
          "height": 60,
          "borderRadius": 8,
          "objectFit": "cover"
        }
      }
    ],
    "background": {
      "type": "color",
      "value": "#FFFFFF",
      "opacity": 1
    },
    "headerStyle": {
      "backgroundColor": "#000000",
      "textColor": "#FFFFFF",
      "fontSize": 16,
      "fontWeight": 600
    },
    "rowStyle": {
      "alternateRowColor": true,
      "primaryRowColor": "#FFFFFF",
      "alternateRowColorValue": "#F8F9FA",
      "textColor": "#000000",
      "borderColor": "#E0E0E0",
      "fontSize": 14
    },
    "showRankNumbers": true,
    "showLogos": true,
    "tableLayout": {
      "rankWidth": 60,
      "nameWidth": 180,
      "logoWidth": 80,
      "categoryWidth": 120,
      "descriptionWidth": 300,
      "padding": 12
    }
  },
  "canvas": {
    "width": 1080,
    "height": 1080
  }
}
Template validation error: {
  "issues": [
    {
      "validation": "url",
      "code": "invalid_string",
      "message": "Invalid url",
      "path": [
        "params",
        "data",
        0,
        "logo",
        "url"
      ]
    },
    {
      "validation": "url",
      "code": "invalid_string",
      "message": "Invalid url",
      "path": [
        "params",
        "data",
        1,
        "logo",
        "url"
      ]
    },
    {
      "validation": "url",
      "code": "invalid_string",
      "message": "Invalid url",
      "path": [
        "params",
        "data",
        2,
        "logo",
        "url"
      ]
    }
  ],
  "name": "ZodError"
}
Error message: [
  {
    "validation": "url",
    "code": "invalid_string",
    "message": "Invalid url",
    "path": [
      "params",
      "data",
      0,
      "logo",
      "url"
    ]
  },
  {
    "validation": "url",
    "code": "invalid_string",
    "message": "Invalid url",
    "path": [
      "params",
      "data",
      1,
      "logo",
      "url"
    ]
  },
  {
    "validation": "url",
    "code": "invalid_string",
    "message": "Invalid url",
    "path": [
      "params",
      "data",
      2,
      "logo",
      "url"
    ]
  }
]
Template validation failed for: {
  name: 'ranking-table',
  params: {
  title: {
  text: 'í•œë•Œ ì˜ ë‚˜ê°”ì§€ë§Œ ì‹œë¼ì§„ ë¸Œëœë“œ',
  fontFamily: 'inter',
  fontWeight: 700,
  fontSize: 32,
  color: '#000000',
  alignment: 'center',
  bgColor: '#FFFFFF'
},
  subtitle: {
  text: 'ì¶œì²˜: ê° ë¸Œëœë“œì˜ ê³µì‹ ë°œí‘œ, ì–¸ë¡  ë³´ë„(ë§¤ì¼ê²½ì œÂ·í•œê²¨ë ˆÂ·ì´ë°ì¼ë¦¬ ë“±), ì—…ê³„ ì§€ë£Œë¥¼ ê¸°ë°˜ìœ¼ë¡œ ì¬êµ¬ì„±',
  fontFamily: 'inter',
  fontWeight: 400,
  fontSize: 14,
  color: '#666666',
  alignment: 'center'
},
  data: [
  {
  rank: 1,
  name: 'í¬ë¼ìš´ë² ì´ì»¤ë¦¬',
  category: 'ë² ì´ì»¤ë¦¬',
  description: 'ì „ ë§¤ì¥ ì² ìˆ˜, ë¸Œëœë“œ ì¢…ë£Œ',
  logo: {
  url: '/placeholder-logo.png',
  alt: 'í¬ë¼ìš´ë² ì´ì»¤ë¦¬',
  width: 60,
  height: 60,
  borderRadius: 8,
  objectFit: 'cover'
}
},
  {
  rank: 2,
  name: 'ì•„ì›ƒë°±',
  category: 'ë ˆìŠ¤í† ë‘',
  description: 'ì ë²” ì´ìƒ íì , ë¸Œëœë“œ ì¶•ì†Œ',
  logo: {
  url: '/placeholder-logo.png',
  alt: 'ì•„ì›ƒë°±',
  width: 60,
  height: 60,
  borderRadius: 8,
  objectFit: 'cover'
}
},
  {
  rank: 3,
  name: 'ë¯¼ë“¤ë ˆì˜í† ',
  category: 'ì»¤í”¼',
  description: 'ëŒ€ë¶€ë¶„ íì , ì£¼ë ¥ ë¸Œëœë“œ',
  logo: {
  url: '/placeholder-logo.png',
  alt: 'ë¯¼ë“¤ë ˆì˜í† ',
  width: 60,
  height: 60,
  borderRadius: 8,
  objectFit: 'cover'
}
}
],
  background: { type: 'color', value: '#FFFFFF', opacity: 1 },
  headerStyle: {
  backgroundColor: '#000000',
  textColor: '#FFFFFF',
  fontSize: 16,
  fontWeight: 600
},
  rowStyle: {
  alternateRowColor: true,
  primaryRowColor: '#FFFFFF',
  alternateRowColorValue: '#F8F9FA',
  textColor: '#000000',
  borderColor: '#E0E0E0',
  fontSize: 14
},
  showRankNumbers: true,
  showLogos: true,
  tableLayout: {
  rankWidth: 60,
  nameWidth: 180,
  logoWidth: 80,
  categoryWidth: 120,
  descriptionWidth: 300,
  padding: 12
}
},
  canvas: { width: 1080, height: 1080 }
}
 POST /api/v1/images 400 in 290ms
 âœ“ Compiled in 922ms (1062 modules)
 GET / 200 in 77ms
 GET / 200 in 14ms
 GET /placeholder-logo.png 404 in 48ms
 GET /placeholder-logo.png 404 in 84ms
Received template data: {
  "name": "data-viz",
  "params": {
    "title": {
      "text": "ë‚˜ì˜ ìŠ¤í¬ë¦°íƒ€ì„ ë¶„ì„",
      "fontFamily": "inter",
      "fontWeight": 600,
      "fontSize": 36,
      "color": "#1F2937",
      "alignment": "flex-start",
      "bgColor": "#FFFFFF"
    },
    "subtitle": {
      "text": "ì§€ë‚œ í•œ ë‹¬ê°„ ì¼í‰ê·  ì‚¬ìš© ì‹œê°„ (ë‹¨ìœ„: ì‹œê°„)",
      "fontFamily": "inter",
      "fontWeight": 400,
      "fontSize": 18,
      "color": "#6B7280",
      "alignment": "flex-start"
    },
    "chartType": "bar",
    "data": [
      {
        "label": "ì†Œì…œë¯¸ë””ì–´",
        "value": 3.2,
        "color": "#EF4444"
      },
      {
        "label": "ì—…ë¬´ì•±",
        "value": 5.8,
        "color": "#3B82F6"
      },
      {
        "label": "ì—”í„°í…Œì¸ë¨¼íŠ¸",
        "value": 2.1,
        "color": "#10B981"
      }
    ],
    "background": {
      "type": "color",
      "value": "#FEFEFE",
      "opacity": 1
    },
    "chartStyle": {
      "primaryColor": "#3B82F6",
      "secondaryColor": "#EF4444",
      "accentColor": "#10B981",
      "gridColor": "#F3F4F6",
      "textColor": "#374151",
      "showGrid": true,
      "showValues": true,
      "showLegend": false,
      "animation": false
    },
    "layout": {
      "chartWidth": 600,
      "chartHeight": 400,
      "marginTop": 40,
      "marginBottom": 60,
      "marginLeft": 80,
      "marginRight": 40
    },
    "dataLabels": {
      "show": true,
      "position": "outside",
      "fontSize": 14,
      "color": "#374151"
    },
    "insights": {
      "show": true,
      "highlight": {
        "dataIndex": 1,
        "text": "ì—…ë¬´ ì•± ì‚¬ìš©ì‹œê°„ì´ ê°€ì¥ ë§ì•„ìš”!",
        "color": "#F59E0B"
      },
      "footer": {
        "text": "iOS ìŠ¤í¬ë¦°íƒ€ì„ ì„¤ì •ì—ì„œ ìˆ˜ì§‘í•œ ë°ì´í„°",
        "source": "@data_daily_kr"
      }
    }
  },
  "canvas": {
    "width": 1080,
    "height": 1080
  }
}
Template validation passed: data-viz
 POST /api/v1/images 200 in 486ms
[Error: aborted] { code: 'ECONNRESET' }
 â¨¯ uncaughtException: [Error: aborted] { code: 'ECONNRESET' }
 â¨¯ uncaughtException: [Error: aborted] { code: 'ECONNRESET' }
 â¨¯ ../../src/server/pipe-readable.ts (144:11) @ pipeToNodeResponse
 â¨¯ Internal error: Error: failed to pipe response
    at pipeToNodeResponse (/workspaces/social-post-maker/node_modules/next/dist/server/pipe-readable.js:126:15)
    at process.processTicksAndRejections (node:internal/process/task_queues:105:5)
    at async DevServer.runEdgeFunction (/workspaces/social-post-maker/node_modules/next/dist/server/next-server.js:1186:13)
    at async NextNodeServer.handleCatchallRenderRequest (/workspaces/social-post-maker/node_modules/next/dist/server/next-server.js:248:41)
    at async DevServer.handleRequestImpl (/workspaces/social-post-maker/node_modules/next/dist/server/base-server.js:853:17)
    at async /workspaces/social-post-maker/node_modules/next/dist/server/dev/next-dev-server.js:373:20
    at async Span.traceAsyncFn (/workspaces/social-post-maker/node_modules/next/dist/trace/trace.js:153:20)
    at async DevServer.handleRequest (/workspaces/social-post-maker/node_modules/next/dist/server/dev/next-dev-server.js:370:24)
    at async invokeRender (/workspaces/social-post-maker/node_modules/next/dist/server/lib/router-server.js:183:21)
    at async handleRequest (/workspaces/social-post-maker/node_modules/next/dist/server/lib/router-server.js:360:24)
    at async requestHandlerImpl (/workspaces/social-post-maker/node_modules/next/dist/server/lib/router-server.js:384:13)
    at async Server.requestListener (/workspaces/social-post-maker/node_modules/next/dist/server/lib/start-server.js:142:13)
Cause: Error: Expected <div> to have explicit "display: flex" or "display: none" if it has more than one child node.
    at qt (webpack-internal:///(rsc)/./node_modules/next/dist/compiled/@vercel/og/index.edge.js:16218:13)
    at qt.next (<anonymous>)
    at qt (webpack-internal:///(rsc)/./node_modules/next/dist/compiled/@vercel/og/index.edge.js:16222:20)
    at process.processTicksAndRejections (node:internal/process/task_queues:105:5)
    at async qt (webpack-internal:///(rsc)/./node_modules/next/dist/compiled/@vercel/og/index.edge.js:16222:12)
    at async qt (webpack-internal:///(rsc)/./node_modules/next/dist/compiled/@vercel/og/index.edge.js:16222:12)
    at async qt (webpack-internal:///(rsc)/./node_modules/next/dist/compiled/@vercel/og/index.edge.js:16181:13)
    at async qt (webpack-internal:///(rsc)/./node_modules/next/dist/compiled/@vercel/og/index.edge.js:16222:12)
    at async qt (webpack-internal:///(rsc)/./node_modules/next/dist/compiled/@vercel/og/index.edge.js:16222:12)
    at async qt (webpack-internal:///(rsc)/./node_modules/next/dist/compiled/@vercel/og/index.edge.js:16181:13)
  142 |     if (isAbortError(err)) return
  143 |
> 144 |     throw new Error('failed to pipe response', { cause: err })
      |           ^
  145 |   }
  146 | }
  147 |
 â¨¯ ../../src/server/pipe-readable.ts (144:11) @ pipeToNodeResponse
 â¨¯ Error: failed to pipe response
    at pipeToNodeResponse (node_modules/next/src/server/pipe-readable.ts:144:10)
    at async DevServer.runEdgeFunction (node_modules/next/src/server/next-server.ts:1830:6)
    at async NextNodeServer.handleCatchallRenderRequest (node_modules/next/src/server/next-server.ts:997:26)
    at async DevServer.handleRequestImpl (node_modules/next/src/server/base-server.ts:1462:8)
    at async (node_modules/next/src/server/dev/next-dev-server.ts:514:13)
    at async Span.traceAsyncFn (node_modules/next/src/trace/trace.ts:143:13)
    at async DevServer.handleRequest (node_modules/next/src/server/dev/next-dev-server.ts:512:19)
    at async invokeRender (node_modules/next/src/server/lib/router-server.ts:284:10)
    at async handleRequest (node_modules/next/src/server/lib/router-server.ts:530:15)
    at async requestHandlerImpl (node_modules/next/src/server/lib/router-server.ts:576:6)
    at async Server.requestListener (node_modules/next/src/server/lib/start-server.ts:146:6) {
  [cause]: Error: Expected <div> to have explicit "display: flex" or "display: none" if it has more than one child node.
      at qt (webpack-internal:///(rsc)/./node_modules/next/dist/compiled/@vercel/og/index.edge.js:16218:13)
      at qt.next (<anonymous>)
      at qt (webpack-internal:///(rsc)/./node_modules/next/dist/compiled/@vercel/og/index.edge.js:16222:20)
      at process.processTicksAndRejections (node:internal/process/task_queues:105:5)
      at async qt (webpack-internal:///(rsc)/./node_modules/next/dist/compiled/@vercel/og/index.edge.js:16222:12)
      at async qt (webpack-internal:///(rsc)/./node_modules/next/dist/compiled/@vercel/og/index.edge.js:16222:12)
      at async qt (webpack-internal:///(rsc)/./node_modules/next/dist/compiled/@vercel/og/index.edge.js:16181:13)
      at async qt (webpack-internal:///(rsc)/./node_modules/next/dist/compiled/@vercel/og/index.edge.js:16222:12)
      at async qt (webpack-internal:///(rsc)/./node_modules/next/dist/compiled/@vercel/og/index.edge.js:16222:12)
      at async qt (webpack-internal:///(rsc)/./node_modules/next/dist/compiled/@vercel/og/index.edge.js:16181:13)
}
  142 |     if (isAbortError(err)) return
  143 |
> 144 |     throw new Error('failed to pipe response', { cause: err })
      |           ^
  145 |   }
  146 | }
  147 |
 âœ“ Compiled in 1658ms (840 modules)
 âœ“ Compiled /_not-found in 277ms (843 modules)
 GET /placeholder-logo.png 404 in 694ms
 GET /placeholder-logo.png 404 in 128ms
 âœ“ Compiled in 336ms (843 modules)
 GET /placeholder-logo.png 404 in 80ms
 GET /placeholder-logo.png 404 in 68ms
 âœ“ Compiled in 328ms (843 modules)
 GET /placeholder-logo.png 404 in 86ms
 GET /placeholder-logo.png 404 in 32ms
 âœ“ Compiled in 330ms (843 modules)
 GET /placeholder-logo.png 404 in 65ms
 GET /placeholder-logo.png 404 in 39ms
 âœ“ Compiled in 1312ms (503 modules)
 GET / 200 in 22ms
 GET / 200 in 17ms
 GET /placeholder-logo.png 404 in 33ms
 GET /placeholder-logo.png 404 in 53ms
 GET /placeholder-logo.png 404 in 38ms
 GET / 200 in 90ms
 GET /placeholder-logo.png 404 in 29ms
 GET / 200 in 52ms
 GET /placeholder-logo.png 404 in 44ms
 âœ“ Compiled in 350ms (503 modules)
 GET / 200 in 21ms
 GET / 200 in 22ms
 GET /placeholder-logo.png 404 in 31ms
 GET /placeholder-logo.png 404 in 28ms
 GET /placeholder-logo.png 404 in 30ms
 GET /placeholder-logo.png 404 in 24ms
 âœ“ Compiled in 261ms (503 modules)
 GET / 200 in 11ms
 GET / 200 in 11ms
 GET /placeholder-logo.png 404 in 38ms
 GET /placeholder-logo.png 404 in 39ms
 âœ“ Compiled in 2s (863 modules)
 GET / 200 in 70ms
 GET / 200 in 20ms
 GET /placeholder-logo.png 404 in 57ms
 GET /placeholder-logo.png 404 in 27ms
 âœ“ Compiled in 224ms (506 modules)
 GET / 200 in 38ms
 GET / 200 in 15ms
 GET /placeholder-logo.png 404 in 33ms
 GET /placeholder-logo.png 404 in 42ms
 âœ“ Compiled in 242ms (506 modules)
 GET / 200 in 18ms
 GET / 200 in 36ms
 GET /placeholder-logo.png 404 in 36ms
 GET /placeholder-logo.png 404 in 50ms
 âœ“ Compiled in 248ms (506 modules)
 GET / 200 in 19ms
 GET / 200 in 16ms
 GET /placeholder-logo.png 404 in 185ms
 GET /placeholder-logo.png 404 in 126ms
 âœ“ Compiled in 351ms (506 modules)
 GET / 200 in 36ms
 GET / 200 in 18ms
 GET /placeholder-logo.png 404 in 26ms
 GET /placeholder-logo.png 404 in 34ms
 GET /placeholder-logo.png 404 in 42ms
 âœ“ Compiled in 347ms (506 modules)
 GET / 200 in 13ms
 GET / 200 in 21ms
 GET /placeholder-logo.png 404 in 26ms
 GET /placeholder-logo.png 404 in 38ms
 âœ“ Compiled in 376ms (506 modules)
 GET / 200 in 17ms
 GET / 200 in 33ms
 GET /placeholder-logo.png 404 in 42ms
 GET /placeholder-logo.png 404 in 30ms
 âœ“ Compiled in 500ms (506 modules)
 GET / 200 in 21ms
 GET / 200 in 17ms
 GET /placeholder-logo.png 404 in 50ms
 GET /placeholder-logo.png 404 in 52ms
 GET / 200 in 59ms
 GET /placeholder-logo.png 404 in 52ms
 âœ“ Compiled in 264ms (506 modules)
 GET / 200 in 17ms
 GET / 200 in 11ms
 GET /placeholder-logo.png 404 in 74ms
 GET /placeholder-meme.jpg 404 in 37ms
 GET /placeholder-logo.png 404 in 35ms
 GET /placeholder-viral.jpg 404 in 18ms
 GET /placeholder-logo.png 404 in 18ms
 âœ“ Compiled in 3.5s (878 modules)
 GET / 200 in 132ms
 âœ“ Compiled /_not-found in 377ms (863 modules)
 GET /placeholder-logo.png 404 in 476ms
 GET / 200 in 26ms
 GET /placeholder-logo.png 404 in 41ms
 âœ“ Compiled in 751ms (868 modules)
 âœ“ Compiled in 589ms (506 modules)
 GET / 200 in 227ms
 GET /placeholder-logo.png 404 in 196ms
 âœ“ Compiled in 447ms (506 modules)
 GET / 200 in 11ms
 GET /placeholder-logo.png 404 in 22ms
 GET /placeholder-logo.png 404 in 35ms
 âœ“ Compiled in 229ms (506 modules)
 GET / 200 in 653ms
 GET /placeholder-logo.png 404 in 67ms
 â—‹ Compiling / ...
 âœ“ Compiled / in 637ms (358 modules)
 â—‹ Compiling /_error ...
 âœ“ Compiled /_error in 1276ms (866 modules)
 GET / 404 in 1951ms
 GET / 404 in 11ms
 GET / 404 in 8ms
 GET / 404 in 9ms
 GET / 404 in 12ms
 GET / 404 in 8ms
 â¨¯ ./src/app/page.tsx
Error:   [31mx[0m Return statement is not allowed here
     ,-[[36;1;4m/workspaces/social-post-maker/src/app/page.tsx[0m:65:1]
 [2m 62[0m |         }
 [2m 63[0m |       }
 [2m 64[0m |     
 [2m 65[0m | [35;1m,[0m[35;1m-[0m[35;1m>[0m   return (
 [2m 66[0m | [35;1m|[0m       <div className="min-h-screen bg-gray-50 p-8">
 [2m 67[0m | [35;1m|[0m         <div className="max-w-7xl mx-auto">
 [2m 68[0m | [35;1m|[0m           <header className="mb-8">
 [2m 69[0m | [35;1m|[0m             <h1 className="text-4xl font-bold text-gray-900 mb-2">
 [2m 70[0m | [35;1m|[0m               Social Post Maker
 [2m 71[0m | [35;1m|[0m             </h1>
 [2m 72[0m | [35;1m|[0m             <p className="text-lg text-gray-600">
 [2m 73[0m | [35;1m|[0m               Create stunning Instagram posts with data-driven templates
 [2m 74[0m | [35;1m|[0m             </p>
 [2m 75[0m | [35;1m|[0m           </header>
 [2m 76[0m | [35;1m|[0m   
 [2m 77[0m | [35;1m|[0m           <div className="grid grid-cols-1 lg:grid-cols-3 gap-8">
 [2m 78[0m | [35;1m|[0m             {/* Template Selection */}
 [2m 79[0m | [35;1m|[0m             <div className="lg:col-span-1">
 [2m 80[0m | [35;1m|[0m               <div className="bg-white rounded-lg shadow-md p-6">
 [2m 81[0m | [35;1m|[0m                 <h2 className="text-xl font-semibold mb-4">Templates</h2>
 [2m 82[0m | [35;1m|[0m                 <div className="space-y-2">
 [2m 83[0m | [35;1m|[0m                   {Object.keys(templateDefaults).map((templateId) => (
 [2m 84[0m | [35;1m|[0m                     <button
 [2m 85[0m | [35;1m|[0m                       key={templateId}
 [2m 86[0m | [35;1m|[0m                       onClick={() => handleTemplateSelect(templateId)}
 [2m 87[0m | [35;1m|[0m                       className={`w-full text-left p-3 rounded-md transition-colors ${
 [2m 88[0m | [35;1m|[0m                         selectedTemplateId === templateId
 [2m 89[0m | [35;1m|[0m                           ? "bg-blue-100 border-2 border-blue-500"
 [2m 90[0m | [35;1m|[0m                           : "bg-gray-50 hover:bg-gray-100 border-2 border-transparent"
 [2m 91[0m | [35;1m|[0m                       }`}
 [2m 92[0m | [35;1m|[0m                     >
 [2m 93[0m | [35;1m|[0m                       <div className="font-medium capitalize">
 [2m 94[0m | [35;1m|[0m                         {templateId.replace("-", " ")}
 [2m 95[0m | [35;1m|[0m                       </div>
 [2m 96[0m | [35;1m|[0m                       <div className="text-sm text-gray-500">
 [2m 97[0m | [35;1m|[0m                         {templateId === "ranking-table" && "Korean-style ranking tables"}
 [2m 98[0m | [35;1m|[0m                         {templateId === "data-viz" && "Personal data visualization"}
 [2m 99[0m | [35;1m|[0m                         {templateId === "global-comparison" && "Global data comparison"}
 [2m100[0m | [35;1m|[0m                       </div>
 [2m101[0m | [35;1m|[0m                     </button>
 [2m102[0m | [35;1m|[0m                   ))}
 [2m103[0m | [35;1m|[0m                 </div>
 [2m104[0m | [35;1m|[0m               </div>
 [2m105[0m | [35;1m|[0m   
 [2m106[0m | [35;1m|[0m               {/* Quick Actions */}
 [2m107[0m | [35;1m|[0m               <div className="bg-white rounded-lg shadow-md p-6 mt-4">
 [2m108[0m | [35;1m|[0m                 <h3 className="text-lg font-semibold mb-4">Actions</h3>
 [2m109[0m | [35;1m|[0m                 <div className="space-y-2">
 [2m110[0m | [35;1m|[0m                   <button
 [2m111[0m | [35;1m|[0m                     onClick={handleGenerateImage}
 [2m112[0m | [35;1m|[0m                     className="w-full bg-blue-600 text-white py-2 px-4 rounded-md hover:bg-blue-700 transition-colors"
 [2m113[0m | [35;1m|[0m                   >
 [2m114[0m | [35;1m|[0m                     Download as PNG
 [2m115[0m | [35;1m|[0m                   </button>
 [2m116[0m | [35;1m|[0m                   <button
 [2m117[0m | [35;1m|[0m                     onClick={() => window.open("/api/v1/templates", "_blank")}
 [2m118[0m | [35;1m|[0m                     className="w-full bg-gray-600 text-white py-2 px-4 rounded-md hover:bg-gray-700 transition-colors"
 [2m119[0m | [35;1m|[0m                   >
 [2m120[0m | [35;1m|[0m                     View API Docs
 [2m121[0m | [35;1m|[0m                   </button>
 [2m122[0m | [35;1m|[0m                 </div>
 [2m123[0m | [35;1m|[0m               </div>
 [2m124[0m | [35;1m|[0m             </div>
 [2m125[0m | [35;1m|[0m   
 [2m126[0m | [35;1m|[0m             {/* Template Preview */}
 [2m127[0m | [35;1m|[0m             <div className="lg:col-span-2">
 [2m128[0m | [35;1m|[0m               <div className="bg-white rounded-lg shadow-md p-6">
 [2m129[0m | [35;1m|[0m                 <h2 className="text-xl font-semibold mb-4">Preview</h2>
 [2m130[0m | [35;1m|[0m                 {currentTemplate ? (
 [2m131[0m | [35;1m|[0m                   <div className="flex justify-center">
 [2m132[0m | [35;1m|[0m                     <div 
 [2m133[0m | [35;1m|[0m                       className="border-2 border-gray-200 rounded-lg overflow-hidden"
 [2m134[0m | [35;1m|[0m                       style={{
 [2m135[0m | [35;1m|[0m                         maxWidth: "100%",
 [2m136[0m | [35;1m|[0m                         maxHeight: "600px",
 [2m137[0m | [35;1m|[0m                       }}
 [2m138[0m | [35;1m|[0m                     >
 [2m139[0m | [35;1m|[0m                       <div
 [2m140[0m | [35;1m|[0m                         style={{
 [2m141[0m | [35;1m|[0m                           transform: `scale(${Math.min(
 [2m142[0m | [35;1m|[0m                             500 / currentTemplate.canvas.width,
 [2m143[0m | [35;1m|[0m                             500 / currentTemplate.canvas.height
 [2m144[0m | [35;1m|[0m                           )})`,
 [2m145[0m | [35;1m|[0m                           transformOrigin: "top left",
 [2m146[0m | [35;1m|[0m                         }}
 [2m147[0m | [35;1m|[0m                       >
 [2m148[0m | [35;1m|[0m                         <TemplateRenderer template={currentTemplate} />
 [2m149[0m | [35;1m|[0m                       </div>
 [2m150[0m | [35;1m|[0m                     </div>
 [2m151[0m | [35;1m|[0m                   </div>
 [2m152[0m | [35;1m|[0m                 ) : (
 [2m153[0m | [35;1m|[0m                   <div className="flex items-center justify-center h-64 text-gray-500">
 [2m154[0m | [35;1m|[0m                     Select a template to see preview
 [2m155[0m | [35;1m|[0m                   </div>
 [2m156[0m | [35;1m|[0m                 )}
 [2m157[0m | [35;1m|[0m               </div>
 [2m158[0m | [35;1m|[0m   
 [2m159[0m | [35;1m|[0m               {/* Template Info */}
 [2m160[0m | [35;1m|[0m               {currentTemplate && (
 [2m161[0m | [35;1m|[0m                 <div className="bg-white rounded-lg shadow-md p-6 mt-4">
 [2m162[0m | [35;1m|[0m                   <h3 className="text-lg font-semibold mb-4">Template Details</h3>
 [2m163[0m | [35;1m|[0m                   <div className="grid grid-cols-2 gap-4 text-sm">
 [2m164[0m | [35;1m|[0m                     <div>
 [2m165[0m | [35;1m|[0m                       <span className="font-medium">Name:</span> {currentTemplate.name}
 [2m166[0m | [35;1m|[0m                     </div>
 [2m167[0m | [35;1m|[0m                     <div>
 [2m168[0m | [35;1m|[0m                       <span className="font-medium">Canvas:</span> {currentTemplate.canvas.width} x {currentTemplate.canvas.height}
 [2m169[0m | [35;1m|[0m                     </div>
 [2m170[0m | [35;1m|[0m                     <div className="col-span-2">
 [2m171[0m | [35;1m|[0m                       <span className="font-medium">Parameters:</span>
 [2m172[0m | [35;1m|[0m                       <pre className="mt-2 p-3 bg-gray-100 rounded text-xs overflow-auto max-h-32">
 [2m173[0m | [35;1m|[0m                         {JSON.stringify(currentTemplate.params, null, 2)}
 [2m174[0m | [35;1m|[0m                       </pre>
 [2m175[0m | [35;1m|[0m                     </div>
 [2m176[0m | [35;1m|[0m                   </div>
 [2m177[0m | [35;1m|[0m                 </div>
 [2m178[0m | [35;1m|[0m               )}
 [2m179[0m | [35;1m|[0m             </div>
 [2m180[0m | [35;1m|[0m           </div>
 [2m181[0m | [35;1m|[0m         </div>
 [2m182[0m | [35;1m|[0m       </div>
 [2m183[0m | [35;1m`[0m[35;1m-[0m[35;1m>[0m   )
 [2m184[0m |     }
     `----
  [31mx[0m Expression expected
     ,-[[36;1;4m/workspaces/social-post-maker/src/app/page.tsx[0m:184:1]
 [2m181[0m |       </div>
 [2m182[0m |     </div>
 [2m183[0m |   )
 [2m184[0m | }
     : [35;1m^[0m
     `----

Caused by:
    Syntax Error

Import trace for requested module:
./src/app/page.tsx
 âœ“ Compiled in 1809ms (805 modules)
 âœ“ Compiled in 2.5s (791 modules)
 âœ“ Compiled in 1519ms (805 modules)
 âœ“ Compiled in 1179ms (477 modules)
 âœ“ Compiled in 864ms (477 modules)
 âœ“ Compiled in 4.2s (903 modules)
 âœ“ Compiled in 523ms (522 modules)
 âœ“ Compiled in 364ms (522 modules)
 âœ“ Compiled in 1278ms (903 modules)
 âœ“ Compiled in 2s (903 modules)
 âœ“ Compiled in 622ms (522 modules)
 âœ“ Compiled in 1421ms (903 modules)
 âœ“ Compiled in 550ms (522 modules)
 âœ“ Compiled in 1228ms (903 modules)
 âœ“ Compiled in 394ms (522 modules)
 âœ“ Compiled in 481ms (522 modules)
 âœ“ Compiled in 422ms (522 modules)
[?25h
